Сборка начата 11.03.2022 18:47:53.
Уровень детализации журнала: Normal.     1>Проект "D:\БГТУ Лабы, лекции и тд\Курс_1_2\КПО\Лабораторные\Лаб #1\Lab_1_KOP\Lab_1_KOP\Lab_1_KOP.vcxproj" в узле 2 (целевые объекты Build).
     1>InitializeBuildStatus:
         Создание "Debug\Lab_1_KOP.tlog\unsuccessfulbuild", так как было задано "AlwaysCreate".
       ClCompile:
         C:\Program Files (x86)\Microsoft Visual Studio\2019\Community\VC\Tools\MSVC\14.29.30133\bin\HostX86\x86\CL.exe /c /ZI /JMC /nologo /W3 /WX- /diagnostics:column /sdl /Od /Oy- /D WIN32 /D _DEBUG /D _CONSOLE /D _UNICODE /D UNICODE /Gm- /EHsc /RTC1 /MDd /GS /fp:precise /permissive- /Zc:wchar_t /Zc:forScope /Zc:inline /FAcs /Fa"Debug\\" /Fo"Debug\\" /Fd"Debug\vc142.pdb" /external:W3 /Gd /TP /analyze- /FC /errorReport:prompt Lab_1_KOP.cpp
         Lab_1_KOP.cpp
     1>D:\Correct_Input.h(23,22): warning C4018: <: несоответствие типов со знаком и без знака
     1>D:\Correct_Input.h(32,22): warning C4018: <: несоответствие типов со знаком и без знака
     1>D:\БГТУ Лабы, лекции и тд\Курс_1_2\КПО\Лабораторные\Лаб #1\Lab_1_KOP\Lab_1_KOP\Lab_1_KOP.cpp(14,7): warning C4101: d2: неиспользованная локальная переменная
       Link:
         C:\Program Files (x86)\Microsoft Visual Studio\2019\Community\VC\Tools\MSVC\14.29.30133\bin\HostX86\x86\link.exe /ERRORREPORT:PROMPT /OUT:"D:\БГТУ Лабы, лекции и тд\Курс_1_2\КПО\Лабораторные\Лаб #1\Lab_1_KOP\Debug\Lab_1_KOP.exe" /INCREMENTAL /ILK:"Debug\Lab_1_KOP.ilk" /NOLOGO kernel32.lib user32.lib gdi32.lib winspool.lib comdlg32.lib advapi32.lib shell32.lib ole32.lib oleaut32.lib uuid.lib odbc32.lib odbccp32.lib /MANIFEST /MANIFESTUAC:"level='asInvoker' uiAccess='false'" /manifest:embed /DEBUG /PDB:"D:\БГТУ Лабы, лекции и тд\Курс_1_2\КПО\Лабораторные\Лаб #1\Lab_1_KOP\Debug\Lab_1_KOP.pdb" /SUBSYSTEM:CONSOLE /TLBID:1 /DYNAMICBASE /NXCOMPAT /IMPLIB:"D:\БГТУ Лабы, лекции и тд\Курс_1_2\КПО\Лабораторные\Лаб #1\Lab_1_KOP\Debug\Lab_1_KOP.lib" /MACHINE:X86 Debug\Lab_1_KOP.obj
         Lab_1_KOP.vcxproj -> D:\БГТУ Лабы, лекции и тд\Курс_1_2\КПО\Лабораторные\Лаб #1\Lab_1_KOP\Debug\Lab_1_KOP.exe
       FinalizeBuildStatus:
         Файл "Debug\Lab_1_KOP.tlog\unsuccessfulbuild" удаляется.
         Обращение к "Debug\Lab_1_KOP.tlog\Lab_1_KOP.lastbuildstate".
     1>Сборка проекта "D:\БГТУ Лабы, лекции и тд\Курс_1_2\КПО\Лабораторные\Лаб #1\Lab_1_KOP\Lab_1_KOP\Lab_1_KOP.vcxproj" завершена (целевые объекты Build).

Сборка успешно завершена.

       "D:\БГТУ Лабы, лекции и тд\Курс_1_2\КПО\Лабораторные\Лаб #1\Lab_1_KOP\Lab_1_KOP\Lab_1_KOP.vcxproj" (целевой объект Build ) (1) ->
       (Целевой объект ClCompile) -> 
         D:\Correct_Input.h(23,22): warning C4018: <: несоответствие типов со знаком и без знака
         D:\Correct_Input.h(32,22): warning C4018: <: несоответствие типов со знаком и без знака
         D:\БГТУ Лабы, лекции и тд\Курс_1_2\КПО\Лабораторные\Лаб #1\Lab_1_KOP\Lab_1_KOP\Lab_1_KOP.cpp(14,7): warning C4101: d2: неиспользованная локальная переменная

    Предупреждений: 3
    Ошибок: 0

Прошло времени 00:00:01.49
