Сборка начата 08.04.2022 18:07:24.
Уровень детализации журнала: Normal.     1>Проект "D:\БГТУ Лабы, лекции и тд\Курс_1_2\КПО\Лабораторные\Лаб #8\Lab_8_KPO\Lab_8_KPO\Lab_8_KPO.vcxproj" в узле 2 (целевые объекты Build).
     1>PrepareForBuild:
         Создание каталога "D:\БГТУ Лабы, лекции и тд\Курс_1_2\КПО\Лабораторные\Лаб #8\Lab_8_KPO\Debug\".
         Создание каталога "Debug\Lab_8_KPO.tlog\".
       InitializeBuildStatus:
         Создание "Debug\Lab_8_KPO.tlog\unsuccessfulbuild", так как было задано "AlwaysCreate".
       ClCompile:
         C:\Program Files (x86)\Microsoft Visual Studio\2019\Community\VC\Tools\MSVC\14.29.30133\bin\HostX86\x86\CL.exe /c /ZI /JMC /nologo /W3 /WX- /diagnostics:column /sdl /Od /Oy- /D WIN32 /D _DEBUG /D _CONSOLE /D _UNICODE /D UNICODE /Gm- /EHsc /RTC1 /MDd /GS /fp:precise /permissive- /Zc:wchar_t /Zc:forScope /Zc:inline /Fo"Debug\\" /Fd"Debug\vc142.pdb" /external:W3 /Gd /TP /analyze- /FC /errorReport:prompt Lab_8_KPO.cpp
         Lab_8_KPO.cpp
       Link:
         C:\Program Files (x86)\Microsoft Visual Studio\2019\Community\VC\Tools\MSVC\14.29.30133\bin\HostX86\x86\link.exe /ERRORREPORT:PROMPT /OUT:"D:\БГТУ Лабы, лекции и тд\Курс_1_2\КПО\Лабораторные\Лаб #8\Lab_8_KPO\Debug\Lab_8_KPO.exe" /INCREMENTAL /ILK:"Debug\Lab_8_KPO.ilk" /NOLOGO kernel32.lib user32.lib gdi32.lib winspool.lib comdlg32.lib advapi32.lib shell32.lib ole32.lib oleaut32.lib uuid.lib odbc32.lib odbccp32.lib /MANIFEST /MANIFESTUAC:"level='asInvoker' uiAccess='false'" /manifest:embed /DEBUG /PDB:"D:\БГТУ Лабы, лекции и тд\Курс_1_2\КПО\Лабораторные\Лаб #8\Lab_8_KPO\Debug\Lab_8_KPO.pdb" /SUBSYSTEM:CONSOLE /TLBID:1 /DYNAMICBASE /NXCOMPAT /IMPLIB:"D:\БГТУ Лабы, лекции и тд\Курс_1_2\КПО\Лабораторные\Лаб #8\Lab_8_KPO\Debug\Lab_8_KPO.lib" /MACHINE:X86 Debug\Lab_8_KPO.obj
         Lab_8_KPO.vcxproj -> D:\БГТУ Лабы, лекции и тд\Курс_1_2\КПО\Лабораторные\Лаб #8\Lab_8_KPO\Debug\Lab_8_KPO.exe
       FinalizeBuildStatus:
         Файл "Debug\Lab_8_KPO.tlog\unsuccessfulbuild" удаляется.
         Обращение к "Debug\Lab_8_KPO.tlog\Lab_8_KPO.lastbuildstate".
     1>Сборка проекта "D:\БГТУ Лабы, лекции и тд\Курс_1_2\КПО\Лабораторные\Лаб #8\Lab_8_KPO\Lab_8_KPO\Lab_8_KPO.vcxproj" завершена (целевые объекты Build).

Сборка успешно завершена.
    Предупреждений: 0
    Ошибок: 0

Прошло времени 00:00:04.06
