Сборка начата 24.02.2022 1:33:28.
Уровень детализации журнала: Normal.     1>Проект "D:\БГТУ Лабы, лекции и тд\Курс_1_2\КПО\Лабораторные\Лаб #3\Lab_3_KOP\Lab_3_KOP\Lab_3_KOP.vcxproj" в узле 2 (целевые объекты Build).
     1>InitializeBuildStatus:
         Создание "Debug\Lab_3_KOP.tlog\unsuccessfulbuild", так как было задано "AlwaysCreate".
       ClCompile:
         C:\Program Files (x86)\Microsoft Visual Studio\2019\Community\VC\Tools\MSVC\14.29.30133\bin\HostX86\x86\CL.exe /c /ZI /JMC /nologo /W3 /WX- /diagnostics:column /sdl /Od /Oy- /D WIN32 /D _DEBUG /D _CONSOLE /D _UNICODE /D UNICODE /Gm- /EHsc /RTC1 /MDd /GS /fp:precise /permissive- /Zc:wchar_t /Zc:forScope /Zc:inline /Fo"Debug\\" /Fd"Debug\vc142.pdb" /external:W3 /Gd /TP /analyze- /FC /errorReport:prompt Lab_3_KOP.cpp
         Lab_3_KOP.cpp
     1>D:\БГТУ Лабы, лекции и тд\Курс_1_2\КПО\Лабораторные\Лаб #3\Lab_3_KOP\Lab_3_KOP\Lab_3_KOP.cpp(32,21): warning C4305: инициализация: усечение из "double" в "float"
     1>D:\БГТУ Лабы, лекции и тд\Курс_1_2\КПО\Лабораторные\Лаб #3\Lab_3_KOP\Lab_3_KOP\Lab_3_KOP.cpp(33,24): warning C4305: инициализация: усечение из "double" в "float"
     1>D:\БГТУ Лабы, лекции и тд\Курс_1_2\КПО\Лабораторные\Лаб #3\Lab_3_KOP\Lab_3_KOP\Lab_3_KOP.cpp(37): warning C4723: возможное деление на 0
     1>D:\БГТУ Лабы, лекции и тд\Курс_1_2\КПО\Лабораторные\Лаб #3\Lab_3_KOP\Lab_3_KOP\Lab_3_KOP.cpp(38): warning C4723: возможное деление на 0
       Link:
         C:\Program Files (x86)\Microsoft Visual Studio\2019\Community\VC\Tools\MSVC\14.29.30133\bin\HostX86\x86\link.exe /ERRORREPORT:PROMPT /OUT:"D:\БГТУ Лабы, лекции и тд\Курс_1_2\КПО\Лабораторные\Лаб #3\Lab_3_KOP\Debug\Lab_3_KOP.exe" /INCREMENTAL /ILK:"Debug\Lab_3_KOP.ilk" /NOLOGO kernel32.lib user32.lib gdi32.lib winspool.lib comdlg32.lib advapi32.lib shell32.lib ole32.lib oleaut32.lib uuid.lib odbc32.lib odbccp32.lib /MANIFEST /MANIFESTUAC:"level='asInvoker' uiAccess='false'" /manifest:embed /DEBUG /PDB:"D:\БГТУ Лабы, лекции и тд\Курс_1_2\КПО\Лабораторные\Лаб #3\Lab_3_KOP\Debug\Lab_3_KOP.pdb" /SUBSYSTEM:CONSOLE /TLBID:1 /DYNAMICBASE /NXCOMPAT /IMPLIB:"D:\БГТУ Лабы, лекции и тд\Курс_1_2\КПО\Лабораторные\Лаб #3\Lab_3_KOP\Debug\Lab_3_KOP.lib" /MACHINE:X86 Debug\Lab_3_KOP.obj
         Lab_3_KOP.vcxproj -> D:\БГТУ Лабы, лекции и тд\Курс_1_2\КПО\Лабораторные\Лаб #3\Lab_3_KOP\Debug\Lab_3_KOP.exe
       FinalizeBuildStatus:
         Файл "Debug\Lab_3_KOP.tlog\unsuccessfulbuild" удаляется.
         Обращение к "Debug\Lab_3_KOP.tlog\Lab_3_KOP.lastbuildstate".
     1>Сборка проекта "D:\БГТУ Лабы, лекции и тд\Курс_1_2\КПО\Лабораторные\Лаб #3\Lab_3_KOP\Lab_3_KOP\Lab_3_KOP.vcxproj" завершена (целевые объекты Build).

Сборка успешно завершена.

       "D:\БГТУ Лабы, лекции и тд\Курс_1_2\КПО\Лабораторные\Лаб #3\Lab_3_KOP\Lab_3_KOP\Lab_3_KOP.vcxproj" (целевой объект Build ) (1) ->
       (Целевой объект ClCompile) -> 
         D:\БГТУ Лабы, лекции и тд\Курс_1_2\КПО\Лабораторные\Лаб #3\Lab_3_KOP\Lab_3_KOP\Lab_3_KOP.cpp(32,21): warning C4305: инициализация: усечение из "double" в "float"
         D:\БГТУ Лабы, лекции и тд\Курс_1_2\КПО\Лабораторные\Лаб #3\Lab_3_KOP\Lab_3_KOP\Lab_3_KOP.cpp(33,24): warning C4305: инициализация: усечение из "double" в "float"
         D:\БГТУ Лабы, лекции и тд\Курс_1_2\КПО\Лабораторные\Лаб #3\Lab_3_KOP\Lab_3_KOP\Lab_3_KOP.cpp(37): warning C4723: возможное деление на 0
         D:\БГТУ Лабы, лекции и тд\Курс_1_2\КПО\Лабораторные\Лаб #3\Lab_3_KOP\Lab_3_KOP\Lab_3_KOP.cpp(38): warning C4723: возможное деление на 0

    Предупреждений: 4
    Ошибок: 0

Прошло времени 00:00:00.91
