Сборка начата 01.04.2022 18:06:36.
Уровень детализации журнала: Normal.     1>Проект "D:\БГТУ Лабы, лекции и тд\Курс_1_2\КПО\Лабораторные\Лаб #7\Lab_7_KPO\Lab_7_KPO\Lab_7_KPO.vcxproj" в узле 2 (целевые объекты Build).
     1>PrepareForBuild:
         Создание каталога "Debug\Lab_7_KPO.tlog\".
       InitializeBuildStatus:
         Создание "Debug\Lab_7_KPO.tlog\unsuccessfulbuild", так как было задано "AlwaysCreate".
       ClCompile:
         C:\Program Files (x86)\Microsoft Visual Studio\2019\Community\VC\Tools\MSVC\14.29.30133\bin\HostX86\x86\CL.exe /c /ZI /JMC /nologo /W3 /WX- /diagnostics:column /sdl /Od /Oy- /D WIN32 /D _DEBUG /D _CONSOLE /D _UNICODE /D UNICODE /Gm- /EHsc /RTC1 /MDd /GS /fp:precise /permissive- /Zc:wchar_t /Zc:forScope /Zc:inline /Fo"Debug\\" /Fd"Debug\vc142.pdb" /external:W3 /Gd /TP /analyze- /FC /errorReport:prompt Lab_6_KPO.cpp
         Lab_6_KPO.cpp
     1>D:\БГТУ Лабы, лекции и тд\Курс_1_2\КПО\Лабораторные\Лаб #7\Lab_7_KPO\Lab_7_KPO\Lab_6_KPO.cpp(11,1): warning C4326: возвращаемый тип "main" должен быть "int", а не "void"
       Link:
         C:\Program Files (x86)\Microsoft Visual Studio\2019\Community\VC\Tools\MSVC\14.29.30133\bin\HostX86\x86\link.exe /ERRORREPORT:PROMPT /OUT:"D:\БГТУ Лабы, лекции и тд\Курс_1_2\КПО\Лабораторные\Лаб #7\Lab_7_KPO\Debug\Lab_7_KPO.exe" /INCREMENTAL /ILK:"Debug\Lab_7_KPO.ilk" /NOLOGO kernel32.lib user32.lib gdi32.lib winspool.lib comdlg32.lib advapi32.lib shell32.lib ole32.lib oleaut32.lib uuid.lib odbc32.lib odbccp32.lib /MANIFEST /MANIFESTUAC:"level='asInvoker' uiAccess='false'" /manifest:embed /DEBUG /PDB:"D:\БГТУ Лабы, лекции и тд\Курс_1_2\КПО\Лабораторные\Лаб #7\Lab_7_KPO\Debug\Lab_7_KPO.pdb" /SUBSYSTEM:CONSOLE /TLBID:1 /DYNAMICBASE /NXCOMPAT /IMPLIB:"D:\БГТУ Лабы, лекции и тд\Курс_1_2\КПО\Лабораторные\Лаб #7\Lab_7_KPO\Debug\Lab_7_KPO.lib" /MACHINE:X86 D:\\БГТУ Лабы, лекции и тд\\Курс_1_2\\КПО\\Лабораторные\\Лаб #7\\Lab_7_KPO\\Debug\\Lab_7_KPO_L.lib Debug\Lab_6_KPO.obj
     1>LINK : fatal error LNK1104: не удается открыть файл "D:\\БГТУ.obj"
     1>Сборка проекта "D:\БГТУ Лабы, лекции и тд\Курс_1_2\КПО\Лабораторные\Лаб #7\Lab_7_KPO\Lab_7_KPO\Lab_7_KPO.vcxproj" завершена (целевые объекты Build) с ошибкой.

Ошибка сборки.

       "D:\БГТУ Лабы, лекции и тд\Курс_1_2\КПО\Лабораторные\Лаб #7\Lab_7_KPO\Lab_7_KPO\Lab_7_KPO.vcxproj" (целевой объект Build ) (1) ->
       (Целевой объект ClCompile) -> 
         D:\БГТУ Лабы, лекции и тд\Курс_1_2\КПО\Лабораторные\Лаб #7\Lab_7_KPO\Lab_7_KPO\Lab_6_KPO.cpp(11,1): warning C4326: возвращаемый тип "main" должен быть "int", а не "void"


       "D:\БГТУ Лабы, лекции и тд\Курс_1_2\КПО\Лабораторные\Лаб #7\Lab_7_KPO\Lab_7_KPO\Lab_7_KPO.vcxproj" (целевой объект Build ) (1) ->
       (Целевой объект Link) -> 
         LINK : fatal error LNK1104: не удается открыть файл "D:\\БГТУ.obj"

    Предупреждений: 1
    Ошибок: 1

Прошло времени 00:00:02.22
