Сборка начата 11.03.2022 18:16:16.
Уровень детализации журнала: Normal.     1>Проект "D:\БГТУ Лабы, лекции и тд\Курс_1_2\КПО\Лабораторные\Лаб #4\Lab_4_KPO\Lab_4_KPO\Lab_4_KPO.vcxproj" в узле 2 (целевые объекты Build).
     1>InitializeBuildStatus:
         Обращение к "Debug\Lab_4_KPO.tlog\unsuccessfulbuild".
       ClCompile:
         C:\Program Files (x86)\Microsoft Visual Studio\2019\Community\VC\Tools\MSVC\14.29.30133\bin\HostX86\x86\CL.exe /c /ZI /JMC /nologo /W3 /WX- /diagnostics:column /sdl /Od /Oy- /D WIN32 /D _DEBUG /D _CONSOLE /D _UNICODE /D UNICODE /Gm- /EHsc /RTC1 /MDd /GS /fp:precise /permissive- /Zc:wchar_t /Zc:forScope /Zc:inline /Fo"Debug\\" /Fd"Debug\vc142.pdb" /external:W3 /Gd /TP /analyze- /FC /errorReport:prompt Lab_4_KPO.cpp
         Lab_4_KPO.cpp
     1>D:\БГТУ Лабы, лекции и тд\Курс_1_2\КПО\Лабораторные\Лаб #4\Lab_4_KPO\Lab_4_KPO\Lab_4_KPO.cpp(16,7): warning C4101: d2: неиспользованная локальная переменная
     1>D:\БГТУ Лабы, лекции и тд\Курс_1_2\КПО\Лабораторные\Лаб #4\Lab_4_KPO\Lab_4_KPO\Lab_4_KPO.cpp(217,22): warning C4018: <: несоответствие типов со знаком и без знака
     1>D:\БГТУ Лабы, лекции и тд\Курс_1_2\КПО\Лабораторные\Лаб #4\Lab_4_KPO\Lab_4_KPO\Lab_4_KPO.cpp(226,22): warning C4018: <: несоответствие типов со знаком и без знака
       Link:
         C:\Program Files (x86)\Microsoft Visual Studio\2019\Community\VC\Tools\MSVC\14.29.30133\bin\HostX86\x86\link.exe /ERRORREPORT:PROMPT /OUT:"D:\БГТУ Лабы, лекции и тд\Курс_1_2\КПО\Лабораторные\Лаб #4\Lab_4_KPO\Debug\Lab_4_KPO.exe" /INCREMENTAL /ILK:"Debug\Lab_4_KPO.ilk" /NOLOGO kernel32.lib user32.lib gdi32.lib winspool.lib comdlg32.lib advapi32.lib shell32.lib ole32.lib oleaut32.lib uuid.lib odbc32.lib odbccp32.lib /MANIFEST /MANIFESTUAC:"level='asInvoker' uiAccess='false'" /manifest:embed /DEBUG /PDB:"D:\БГТУ Лабы, лекции и тд\Курс_1_2\КПО\Лабораторные\Лаб #4\Lab_4_KPO\Debug\Lab_4_KPO.pdb" /SUBSYSTEM:CONSOLE /TLBID:1 /DYNAMICBASE /NXCOMPAT /IMPLIB:"D:\БГТУ Лабы, лекции и тд\Курс_1_2\КПО\Лабораторные\Лаб #4\Lab_4_KPO\Debug\Lab_4_KPO.lib" /MACHINE:X86 Debug\Lab_4_KPO.obj
         Lab_4_KPO.vcxproj -> D:\БГТУ Лабы, лекции и тд\Курс_1_2\КПО\Лабораторные\Лаб #4\Lab_4_KPO\Debug\Lab_4_KPO.exe
       FinalizeBuildStatus:
         Файл "Debug\Lab_4_KPO.tlog\unsuccessfulbuild" удаляется.
         Обращение к "Debug\Lab_4_KPO.tlog\Lab_4_KPO.lastbuildstate".
     1>Сборка проекта "D:\БГТУ Лабы, лекции и тд\Курс_1_2\КПО\Лабораторные\Лаб #4\Lab_4_KPO\Lab_4_KPO\Lab_4_KPO.vcxproj" завершена (целевые объекты Build).

Сборка успешно завершена.

       "D:\БГТУ Лабы, лекции и тд\Курс_1_2\КПО\Лабораторные\Лаб #4\Lab_4_KPO\Lab_4_KPO\Lab_4_KPO.vcxproj" (целевой объект Build ) (1) ->
       (Целевой объект ClCompile) -> 
         D:\БГТУ Лабы, лекции и тд\Курс_1_2\КПО\Лабораторные\Лаб #4\Lab_4_KPO\Lab_4_KPO\Lab_4_KPO.cpp(16,7): warning C4101: d2: неиспользованная локальная переменная
         D:\БГТУ Лабы, лекции и тд\Курс_1_2\КПО\Лабораторные\Лаб #4\Lab_4_KPO\Lab_4_KPO\Lab_4_KPO.cpp(217,22): warning C4018: <: несоответствие типов со знаком и без знака
         D:\БГТУ Лабы, лекции и тд\Курс_1_2\КПО\Лабораторные\Лаб #4\Lab_4_KPO\Lab_4_KPO\Lab_4_KPO.cpp(226,22): warning C4018: <: несоответствие типов со знаком и без знака

    Предупреждений: 3
    Ошибок: 0

Прошло времени 00:00:02.19
